<?xml version="1.0" encoding="UTF-8"?>
<!-- Generated by org.testng.reporters.JUnitReportReporter -->
<testsuite hostname="DESKTOP-40P37EV" failures="0" tests="2" name="ComCast.OrgTest.CreateOrgsTest" time="0.005" errors="0" timestamp="2022-01-29T14:12:37 IST" skipped="0">
  <testcase classname="ComCast.OrgTest.CreateOrgsTest" name="orgTest" time="0.003"/>
  <system-out/>
  <testcase classname="ComCast.OrgTest.CreateOrgsTest" name="CreateOrgsTest" time="0.002"/>
  <system-out/>
</testsuite> <!-- ComCast.OrgTest.CreateOrgsTest -->
