<?xml version="1.0" encoding="UTF-8"?>
<!-- Generated by org.testng.reporters.JUnitReportReporter -->
<testsuite hostname="DESKTOP-40P37EV" failures="0" tests="1" name="ComCast.ContactTest.CreateContactTest" time="0.021" errors="0" timestamp="2022-01-29T14:12:37 IST" skipped="0">
  <testcase classname="ComCast.ContactTest.CreateContactTest" name="CreateContactTest" time="0.021"/>
  <system-out/>
</testsuite> <!-- ComCast.ContactTest.CreateContactTest -->
