<?xml version="1.0" encoding="UTF-8"?>
<!-- Generated by org.testng.reporters.JUnitReportReporter -->
<testsuite hostname="DESKTOP-40P37EV" failures="0" tests="1" name="ComCast.OrgTest.CreateOrgwithIndTest" time="0.004" errors="0" timestamp="2022-01-29T14:12:37 IST" skipped="0">
  <testcase classname="ComCast.OrgTest.CreateOrgwithIndTest" name="CreateOrgwithIndTest" time="0.004"/>
  <system-out/>
</testsuite> <!-- ComCast.OrgTest.CreateOrgwithIndTest -->
